[2021-04-19 15:26:02,233] INFO [Controller id=0 epoch=1] Sending UpdateMetadata request to brokers Set(0) for 0 partitions (state.change.logger)
[2021-04-19 15:27:12,868] INFO [Controller id=0 epoch=1] Changed partition login-0 state from NonExistentPartition to NewPartition with assigned replicas 0 (state.change.logger)
[2021-04-19 15:27:12,869] INFO [Controller id=0 epoch=1] Sending UpdateMetadata request to brokers Set() for 0 partitions (state.change.logger)
[2021-04-19 15:27:12,878] INFO [Controller id=0 epoch=1] Sending UpdateMetadata request to brokers Set() for 0 partitions (state.change.logger)
[2021-04-19 15:27:12,923] INFO [Controller id=0 epoch=1] Changed partition login-0 from NewPartition to OnlinePartition with state LeaderAndIsr(leader=0, leaderEpoch=0, isr=List(0), zkVersion=0) (state.change.logger)
[2021-04-19 15:27:12,928] INFO [Controller id=0 epoch=1] Sending LeaderAndIsr request to broker 0 with 1 become-leader and 0 become-follower partitions (state.change.logger)
[2021-04-19 15:27:12,931] INFO [Controller id=0 epoch=1] Sending UpdateMetadata request to brokers Set(0) for 1 partitions (state.change.logger)
[2021-04-19 15:27:12,935] INFO [Controller id=0 epoch=1] Sending UpdateMetadata request to brokers Set() for 0 partitions (state.change.logger)
[2021-04-19 15:27:12,939] INFO [Broker id=0] Handling LeaderAndIsr request correlationId 1 from controller 0 for 1 partitions (state.change.logger)
[2021-04-19 15:27:12,962] INFO [Broker id=0] Stopped fetchers as part of LeaderAndIsr request correlationId 1 from controller 0 epoch 1 as part of the become-leader transition for 1 partitions (state.change.logger)
[2021-04-19 15:27:13,070] INFO [Broker id=0] Leader login-0 starts at leader epoch 0 from offset 0 with high watermark 0 ISR [0] addingReplicas [] removingReplicas []. Previous leader epoch was -1. (state.change.logger)
[2021-04-19 15:27:13,111] INFO [Broker id=0] Finished LeaderAndIsr request in 175ms correlationId 1 from controller 0 for 1 partitions (state.change.logger)
[2021-04-19 15:27:13,142] INFO [Broker id=0] Add 1 partitions and deleted 0 partitions from metadata cache in response to UpdateMetadata request sent by controller 0 epoch 1 with correlation id 2 (state.change.logger)
[2021-04-19 15:27:19,720] INFO [Controller id=0 epoch=1] Changed partition signup-0 state from NonExistentPartition to NewPartition with assigned replicas 0 (state.change.logger)
[2021-04-19 15:27:19,720] INFO [Controller id=0 epoch=1] Sending UpdateMetadata request to brokers Set() for 0 partitions (state.change.logger)
[2021-04-19 15:27:19,721] INFO [Controller id=0 epoch=1] Sending UpdateMetadata request to brokers Set() for 0 partitions (state.change.logger)
[2021-04-19 15:27:19,732] INFO [Controller id=0 epoch=1] Changed partition signup-0 from NewPartition to OnlinePartition with state LeaderAndIsr(leader=0, leaderEpoch=0, isr=List(0), zkVersion=0) (state.change.logger)
[2021-04-19 15:27:19,732] INFO [Controller id=0 epoch=1] Sending LeaderAndIsr request to broker 0 with 1 become-leader and 0 become-follower partitions (state.change.logger)
[2021-04-19 15:27:19,733] INFO [Controller id=0 epoch=1] Sending UpdateMetadata request to brokers Set(0) for 1 partitions (state.change.logger)
[2021-04-19 15:27:19,734] INFO [Broker id=0] Handling LeaderAndIsr request correlationId 3 from controller 0 for 1 partitions (state.change.logger)
[2021-04-19 15:27:19,734] INFO [Controller id=0 epoch=1] Sending UpdateMetadata request to brokers Set() for 0 partitions (state.change.logger)
[2021-04-19 15:27:19,736] INFO [Broker id=0] Stopped fetchers as part of LeaderAndIsr request correlationId 3 from controller 0 epoch 1 as part of the become-leader transition for 1 partitions (state.change.logger)
[2021-04-19 15:27:19,744] INFO [Broker id=0] Leader signup-0 starts at leader epoch 0 from offset 0 with high watermark 0 ISR [0] addingReplicas [] removingReplicas []. Previous leader epoch was -1. (state.change.logger)
[2021-04-19 15:27:19,747] INFO [Broker id=0] Finished LeaderAndIsr request in 13ms correlationId 3 from controller 0 for 1 partitions (state.change.logger)
[2021-04-19 15:27:19,762] INFO [Broker id=0] Add 1 partitions and deleted 0 partitions from metadata cache in response to UpdateMetadata request sent by controller 0 epoch 1 with correlation id 4 (state.change.logger)
[2021-04-19 15:27:28,704] INFO [Controller id=0 epoch=1] Changed partition activity-0 state from NonExistentPartition to NewPartition with assigned replicas 0 (state.change.logger)
[2021-04-19 15:27:28,704] INFO [Controller id=0 epoch=1] Sending UpdateMetadata request to brokers Set() for 0 partitions (state.change.logger)
[2021-04-19 15:27:28,705] INFO [Controller id=0 epoch=1] Sending UpdateMetadata request to brokers Set() for 0 partitions (state.change.logger)
[2021-04-19 15:27:28,714] INFO [Controller id=0 epoch=1] Changed partition activity-0 from NewPartition to OnlinePartition with state LeaderAndIsr(leader=0, leaderEpoch=0, isr=List(0), zkVersion=0) (state.change.logger)
[2021-04-19 15:27:28,714] INFO [Controller id=0 epoch=1] Sending LeaderAndIsr request to broker 0 with 1 become-leader and 0 become-follower partitions (state.change.logger)
[2021-04-19 15:27:28,715] INFO [Controller id=0 epoch=1] Sending UpdateMetadata request to brokers Set(0) for 1 partitions (state.change.logger)
[2021-04-19 15:27:28,716] INFO [Controller id=0 epoch=1] Sending UpdateMetadata request to brokers Set() for 0 partitions (state.change.logger)
[2021-04-19 15:27:28,716] INFO [Broker id=0] Handling LeaderAndIsr request correlationId 5 from controller 0 for 1 partitions (state.change.logger)
[2021-04-19 15:27:28,718] INFO [Broker id=0] Stopped fetchers as part of LeaderAndIsr request correlationId 5 from controller 0 epoch 1 as part of the become-leader transition for 1 partitions (state.change.logger)
[2021-04-19 15:27:28,723] INFO [Broker id=0] Leader activity-0 starts at leader epoch 0 from offset 0 with high watermark 0 ISR [0] addingReplicas [] removingReplicas []. Previous leader epoch was -1. (state.change.logger)
[2021-04-19 15:27:28,728] INFO [Broker id=0] Finished LeaderAndIsr request in 12ms correlationId 5 from controller 0 for 1 partitions (state.change.logger)
[2021-04-19 15:27:28,730] INFO [Broker id=0] Add 1 partitions and deleted 0 partitions from metadata cache in response to UpdateMetadata request sent by controller 0 epoch 1 with correlation id 6 (state.change.logger)
[2021-04-19 15:27:34,242] INFO [Controller id=0 epoch=1] Changed partition profile-0 state from NonExistentPartition to NewPartition with assigned replicas 0 (state.change.logger)
[2021-04-19 15:27:34,242] INFO [Controller id=0 epoch=1] Sending UpdateMetadata request to brokers Set() for 0 partitions (state.change.logger)
[2021-04-19 15:27:34,242] INFO [Controller id=0 epoch=1] Sending UpdateMetadata request to brokers Set() for 0 partitions (state.change.logger)
[2021-04-19 15:27:34,251] INFO [Controller id=0 epoch=1] Changed partition profile-0 from NewPartition to OnlinePartition with state LeaderAndIsr(leader=0, leaderEpoch=0, isr=List(0), zkVersion=0) (state.change.logger)
[2021-04-19 15:27:34,251] INFO [Controller id=0 epoch=1] Sending LeaderAndIsr request to broker 0 with 1 become-leader and 0 become-follower partitions (state.change.logger)
[2021-04-19 15:27:34,251] INFO [Controller id=0 epoch=1] Sending UpdateMetadata request to brokers Set(0) for 1 partitions (state.change.logger)
[2021-04-19 15:27:34,252] INFO [Controller id=0 epoch=1] Sending UpdateMetadata request to brokers Set() for 0 partitions (state.change.logger)
[2021-04-19 15:27:34,252] INFO [Broker id=0] Handling LeaderAndIsr request correlationId 7 from controller 0 for 1 partitions (state.change.logger)
[2021-04-19 15:27:34,253] INFO [Broker id=0] Stopped fetchers as part of LeaderAndIsr request correlationId 7 from controller 0 epoch 1 as part of the become-leader transition for 1 partitions (state.change.logger)
[2021-04-19 15:27:34,260] INFO [Broker id=0] Leader profile-0 starts at leader epoch 0 from offset 0 with high watermark 0 ISR [0] addingReplicas [] removingReplicas []. Previous leader epoch was -1. (state.change.logger)
[2021-04-19 15:27:34,264] INFO [Broker id=0] Finished LeaderAndIsr request in 12ms correlationId 7 from controller 0 for 1 partitions (state.change.logger)
[2021-04-19 15:27:34,266] INFO [Broker id=0] Add 1 partitions and deleted 0 partitions from metadata cache in response to UpdateMetadata request sent by controller 0 epoch 1 with correlation id 8 (state.change.logger)
[2021-04-19 15:27:39,628] INFO [Controller id=0 epoch=1] Changed partition group-0 state from NonExistentPartition to NewPartition with assigned replicas 0 (state.change.logger)
[2021-04-19 15:27:39,628] INFO [Controller id=0 epoch=1] Sending UpdateMetadata request to brokers Set() for 0 partitions (state.change.logger)
[2021-04-19 15:27:39,629] INFO [Controller id=0 epoch=1] Sending UpdateMetadata request to brokers Set() for 0 partitions (state.change.logger)
[2021-04-19 15:27:39,647] INFO [Controller id=0 epoch=1] Changed partition group-0 from NewPartition to OnlinePartition with state LeaderAndIsr(leader=0, leaderEpoch=0, isr=List(0), zkVersion=0) (state.change.logger)
[2021-04-19 15:27:39,647] INFO [Controller id=0 epoch=1] Sending LeaderAndIsr request to broker 0 with 1 become-leader and 0 become-follower partitions (state.change.logger)
[2021-04-19 15:27:39,647] INFO [Controller id=0 epoch=1] Sending UpdateMetadata request to brokers Set(0) for 1 partitions (state.change.logger)
[2021-04-19 15:27:39,648] INFO [Controller id=0 epoch=1] Sending UpdateMetadata request to brokers Set() for 0 partitions (state.change.logger)
[2021-04-19 15:27:39,648] INFO [Broker id=0] Handling LeaderAndIsr request correlationId 9 from controller 0 for 1 partitions (state.change.logger)
[2021-04-19 15:27:39,650] INFO [Broker id=0] Stopped fetchers as part of LeaderAndIsr request correlationId 9 from controller 0 epoch 1 as part of the become-leader transition for 1 partitions (state.change.logger)
[2021-04-19 15:27:39,655] INFO [Broker id=0] Leader group-0 starts at leader epoch 0 from offset 0 with high watermark 0 ISR [0] addingReplicas [] removingReplicas []. Previous leader epoch was -1. (state.change.logger)
[2021-04-19 15:27:39,659] INFO [Broker id=0] Finished LeaderAndIsr request in 11ms correlationId 9 from controller 0 for 1 partitions (state.change.logger)
[2021-04-19 15:27:39,663] INFO [Broker id=0] Add 1 partitions and deleted 0 partitions from metadata cache in response to UpdateMetadata request sent by controller 0 epoch 1 with correlation id 10 (state.change.logger)
[2021-04-19 15:27:45,096] INFO [Controller id=0 epoch=1] Changed partition mygroups-0 state from NonExistentPartition to NewPartition with assigned replicas 0 (state.change.logger)
[2021-04-19 15:27:45,096] INFO [Controller id=0 epoch=1] Sending UpdateMetadata request to brokers Set() for 0 partitions (state.change.logger)
[2021-04-19 15:27:45,097] INFO [Controller id=0 epoch=1] Sending UpdateMetadata request to brokers Set() for 0 partitions (state.change.logger)
[2021-04-19 15:27:45,187] INFO [Controller id=0 epoch=1] Changed partition mygroups-0 from NewPartition to OnlinePartition with state LeaderAndIsr(leader=0, leaderEpoch=0, isr=List(0), zkVersion=0) (state.change.logger)
[2021-04-19 15:27:45,188] INFO [Controller id=0 epoch=1] Sending LeaderAndIsr request to broker 0 with 1 become-leader and 0 become-follower partitions (state.change.logger)
[2021-04-19 15:27:45,188] INFO [Controller id=0 epoch=1] Sending UpdateMetadata request to brokers Set(0) for 1 partitions (state.change.logger)
[2021-04-19 15:27:45,190] INFO [Controller id=0 epoch=1] Sending UpdateMetadata request to brokers Set() for 0 partitions (state.change.logger)
[2021-04-19 15:27:45,191] INFO [Broker id=0] Handling LeaderAndIsr request correlationId 11 from controller 0 for 1 partitions (state.change.logger)
[2021-04-19 15:27:45,197] INFO [Broker id=0] Stopped fetchers as part of LeaderAndIsr request correlationId 11 from controller 0 epoch 1 as part of the become-leader transition for 1 partitions (state.change.logger)
[2021-04-19 15:27:45,224] INFO [Broker id=0] Leader mygroups-0 starts at leader epoch 0 from offset 0 with high watermark 0 ISR [0] addingReplicas [] removingReplicas []. Previous leader epoch was -1. (state.change.logger)
[2021-04-19 15:27:45,230] INFO [Broker id=0] Finished LeaderAndIsr request in 39ms correlationId 11 from controller 0 for 1 partitions (state.change.logger)
[2021-04-19 15:27:45,236] INFO [Broker id=0] Add 1 partitions and deleted 0 partitions from metadata cache in response to UpdateMetadata request sent by controller 0 epoch 1 with correlation id 12 (state.change.logger)
[2021-04-19 15:27:52,432] INFO [Controller id=0 epoch=1] Changed partition response_topic-0 state from NonExistentPartition to NewPartition with assigned replicas 0 (state.change.logger)
[2021-04-19 15:27:52,433] INFO [Controller id=0 epoch=1] Sending UpdateMetadata request to brokers Set() for 0 partitions (state.change.logger)
[2021-04-19 15:27:52,434] INFO [Controller id=0 epoch=1] Sending UpdateMetadata request to brokers Set() for 0 partitions (state.change.logger)
[2021-04-19 15:27:52,445] INFO [Controller id=0 epoch=1] Changed partition response_topic-0 from NewPartition to OnlinePartition with state LeaderAndIsr(leader=0, leaderEpoch=0, isr=List(0), zkVersion=0) (state.change.logger)
[2021-04-19 15:27:52,445] INFO [Controller id=0 epoch=1] Sending LeaderAndIsr request to broker 0 with 1 become-leader and 0 become-follower partitions (state.change.logger)
[2021-04-19 15:27:52,445] INFO [Controller id=0 epoch=1] Sending UpdateMetadata request to brokers Set(0) for 1 partitions (state.change.logger)
[2021-04-19 15:27:52,445] INFO [Controller id=0 epoch=1] Sending UpdateMetadata request to brokers Set() for 0 partitions (state.change.logger)
[2021-04-19 15:27:52,446] INFO [Broker id=0] Handling LeaderAndIsr request correlationId 13 from controller 0 for 1 partitions (state.change.logger)
[2021-04-19 15:27:52,449] INFO [Broker id=0] Stopped fetchers as part of LeaderAndIsr request correlationId 13 from controller 0 epoch 1 as part of the become-leader transition for 1 partitions (state.change.logger)
[2021-04-19 15:27:52,454] INFO [Broker id=0] Leader response_topic-0 starts at leader epoch 0 from offset 0 with high watermark 0 ISR [0] addingReplicas [] removingReplicas []. Previous leader epoch was -1. (state.change.logger)
[2021-04-19 15:27:52,459] INFO [Broker id=0] Finished LeaderAndIsr request in 13ms correlationId 13 from controller 0 for 1 partitions (state.change.logger)
[2021-04-19 15:27:52,463] INFO [Broker id=0] Add 1 partitions and deleted 0 partitions from metadata cache in response to UpdateMetadata request sent by controller 0 epoch 1 with correlation id 14 (state.change.logger)
[2021-04-19 15:28:03,306] INFO [Controller id=0 epoch=1] Changed partition transaction-0 state from NonExistentPartition to NewPartition with assigned replicas 0 (state.change.logger)
[2021-04-19 15:28:03,306] INFO [Controller id=0 epoch=1] Sending UpdateMetadata request to brokers Set() for 0 partitions (state.change.logger)
[2021-04-19 15:28:03,307] INFO [Controller id=0 epoch=1] Sending UpdateMetadata request to brokers Set() for 0 partitions (state.change.logger)
[2021-04-19 15:28:03,317] INFO [Controller id=0 epoch=1] Changed partition transaction-0 from NewPartition to OnlinePartition with state LeaderAndIsr(leader=0, leaderEpoch=0, isr=List(0), zkVersion=0) (state.change.logger)
[2021-04-19 15:28:03,317] INFO [Controller id=0 epoch=1] Sending LeaderAndIsr request to broker 0 with 1 become-leader and 0 become-follower partitions (state.change.logger)
[2021-04-19 15:28:03,317] INFO [Controller id=0 epoch=1] Sending UpdateMetadata request to brokers Set(0) for 1 partitions (state.change.logger)
[2021-04-19 15:28:03,318] INFO [Controller id=0 epoch=1] Sending UpdateMetadata request to brokers Set() for 0 partitions (state.change.logger)
[2021-04-19 15:28:03,318] INFO [Broker id=0] Handling LeaderAndIsr request correlationId 15 from controller 0 for 1 partitions (state.change.logger)
[2021-04-19 15:28:03,320] INFO [Broker id=0] Stopped fetchers as part of LeaderAndIsr request correlationId 15 from controller 0 epoch 1 as part of the become-leader transition for 1 partitions (state.change.logger)
[2021-04-19 15:28:03,327] INFO [Broker id=0] Leader transaction-0 starts at leader epoch 0 from offset 0 with high watermark 0 ISR [0] addingReplicas [] removingReplicas []. Previous leader epoch was -1. (state.change.logger)
[2021-04-19 15:28:03,330] INFO [Broker id=0] Finished LeaderAndIsr request in 12ms correlationId 15 from controller 0 for 1 partitions (state.change.logger)
[2021-04-19 15:28:03,332] INFO [Broker id=0] Add 1 partitions and deleted 0 partitions from metadata cache in response to UpdateMetadata request sent by controller 0 epoch 1 with correlation id 16 (state.change.logger)
